<?xml version="1.0" encoding="UTF-8"?>
<!-- Generated by org.testng.reporters.JUnitXMLReporter -->
<testsuite hostname="DESKTOP-48PF7FN" ignored="0" name="Test" tests="7" failures="4" timestamp="2023-01-12T13:36:48 IST" time="14.94" errors="0">
  <testcase name="CreateTokenTest" time="3.631" classname="tests.RestfulbookerTest"/>
  <testcase name="GetBookingTest" time="2.333" classname="tests.RestfulbookerTest"/>
  <testcase name="CreateBookingTest" time="1.575" classname="tests.RestfulbookerTest"/>
  <testcase name="GetBookingIdTest" time="2.347" classname="tests.RestfulbookerTest">
    <failure type="java.lang.AssertionError" message="1 expectation failed.
Expected status code &amp;lt;200&amp;gt; but was &amp;lt;404&amp;gt;.
">
      <![CDATA[java.lang.AssertionError: 1 expectation failed.
Expected status code <200> but was <404>.

at listners.ExtentReporterNG.onTestFailure(ExtentReporterNG.java:33)
at java.util.ArrayList.forEach(Unknown Source)
... Removed 24 stack frames]]>
    </failure>
  </testcase> <!-- GetBookingIdTest -->
  <testcase name="UpdateBookingTest" time="1.346" classname="tests.RestfulbookerTest">
    <failure type="java.lang.AssertionError" message="1 expectation failed.
Expected status code &amp;lt;201&amp;gt; but was &amp;lt;404&amp;gt;.
">
      <![CDATA[java.lang.AssertionError: 1 expectation failed.
Expected status code <201> but was <404>.

at listners.ExtentReporterNG.onTestFailure(ExtentReporterNG.java:33)
at java.util.ArrayList.forEach(Unknown Source)
... Removed 24 stack frames]]>
    </failure>
  </testcase> <!-- UpdateBookingTest -->
  <testcase name="PartialUpdateBookingTest" time="1.36" classname="tests.RestfulbookerTest">
    <failure type="java.lang.AssertionError" message="1 expectation failed.
Expected status code &amp;lt;200&amp;gt; but was &amp;lt;404&amp;gt;.
">
      <![CDATA[java.lang.AssertionError: 1 expectation failed.
Expected status code <200> but was <404>.

at listners.ExtentReporterNG.onTestFailure(ExtentReporterNG.java:33)
at java.util.ArrayList.forEach(Unknown Source)
... Removed 24 stack frames]]>
    </failure>
  </testcase> <!-- PartialUpdateBookingTest -->
  <testcase name="DeleteBookingTest" time="1.347" classname="tests.RestfulbookerTest">
    <failure type="java.lang.AssertionError" message="1 expectation failed.
Expected status code &amp;lt;200&amp;gt; but was &amp;lt;404&amp;gt;.
">
      <![CDATA[java.lang.AssertionError: 1 expectation failed.
Expected status code <200> but was <404>.

at listners.ExtentReporterNG.onTestFailure(ExtentReporterNG.java:33)
at java.util.ArrayList.forEach(Unknown Source)
... Removed 24 stack frames]]>
    </failure>
  </testcase> <!-- DeleteBookingTest -->
</testsuite> <!-- Test -->
